  main.cpp
C:\Users\Amazed\Projects\SFML\SimpleRhythm\SimpleRhythm\main.cpp(192,80): warning C4244: 'argument': conversion from 'float' to 'sf::Uint8', possible loss of data
C:\Users\Amazed\Projects\SFML\SimpleRhythm\SimpleRhythm\main.cpp(196,94): warning C4244: 'argument': conversion from 'float' to 'sf::Uint8', possible loss of data
C:\Users\Amazed\Projects\SFML\SimpleRhythm\SimpleRhythm\main.cpp(275,97): warning C4244: 'argument': conversion from 'T' to 'T', possible loss of data
C:\Users\Amazed\Projects\SFML\SimpleRhythm\SimpleRhythm\main.cpp(275,97): warning C4244:         with
C:\Users\Amazed\Projects\SFML\SimpleRhythm\SimpleRhythm\main.cpp(275,97): warning C4244:         [
C:\Users\Amazed\Projects\SFML\SimpleRhythm\SimpleRhythm\main.cpp(275,97): warning C4244:             T=unsigned int
C:\Users\Amazed\Projects\SFML\SimpleRhythm\SimpleRhythm\main.cpp(275,97): warning C4244:         ]
C:\Users\Amazed\Projects\SFML\SimpleRhythm\SimpleRhythm\main.cpp(275,97): warning C4244:         and
C:\Users\Amazed\Projects\SFML\SimpleRhythm\SimpleRhythm\main.cpp(275,97): warning C4244:         [
C:\Users\Amazed\Projects\SFML\SimpleRhythm\SimpleRhythm\main.cpp(275,97): warning C4244:             T=float
C:\Users\Amazed\Projects\SFML\SimpleRhythm\SimpleRhythm\main.cpp(275,97): warning C4244:         ]
C:\Users\Amazed\Projects\SFML\SimpleRhythm\SimpleRhythm\main.cpp(275,75): warning C4244: 'argument': conversion from 'T' to 'T', possible loss of data
C:\Users\Amazed\Projects\SFML\SimpleRhythm\SimpleRhythm\main.cpp(275,75): warning C4244:         with
C:\Users\Amazed\Projects\SFML\SimpleRhythm\SimpleRhythm\main.cpp(275,75): warning C4244:         [
C:\Users\Amazed\Projects\SFML\SimpleRhythm\SimpleRhythm\main.cpp(275,75): warning C4244:             T=unsigned int
C:\Users\Amazed\Projects\SFML\SimpleRhythm\SimpleRhythm\main.cpp(275,75): warning C4244:         ]
C:\Users\Amazed\Projects\SFML\SimpleRhythm\SimpleRhythm\main.cpp(275,75): warning C4244:         and
C:\Users\Amazed\Projects\SFML\SimpleRhythm\SimpleRhythm\main.cpp(275,75): warning C4244:         [
C:\Users\Amazed\Projects\SFML\SimpleRhythm\SimpleRhythm\main.cpp(275,75): warning C4244:             T=float
C:\Users\Amazed\Projects\SFML\SimpleRhythm\SimpleRhythm\main.cpp(275,75): warning C4244:         ]
C:\Users\Amazed\Projects\SFML\SimpleRhythm\SimpleRhythm\main.cpp(283,50): warning C4244: 'argument': conversion from 'T' to 'float', possible loss of data
C:\Users\Amazed\Projects\SFML\SimpleRhythm\SimpleRhythm\main.cpp(283,50): warning C4244:         with
C:\Users\Amazed\Projects\SFML\SimpleRhythm\SimpleRhythm\main.cpp(283,50): warning C4244:         [
C:\Users\Amazed\Projects\SFML\SimpleRhythm\SimpleRhythm\main.cpp(283,50): warning C4244:             T=unsigned int
C:\Users\Amazed\Projects\SFML\SimpleRhythm\SimpleRhythm\main.cpp(283,50): warning C4244:         ]
C:\Users\Amazed\Projects\SFML\SimpleRhythm\SimpleRhythm\main.cpp(284,49): warning C4244: 'argument': conversion from 'T' to 'float', possible loss of data
C:\Users\Amazed\Projects\SFML\SimpleRhythm\SimpleRhythm\main.cpp(284,49): warning C4244:         with
C:\Users\Amazed\Projects\SFML\SimpleRhythm\SimpleRhythm\main.cpp(284,49): warning C4244:         [
C:\Users\Amazed\Projects\SFML\SimpleRhythm\SimpleRhythm\main.cpp(284,49): warning C4244:             T=unsigned int
C:\Users\Amazed\Projects\SFML\SimpleRhythm\SimpleRhythm\main.cpp(284,49): warning C4244:         ]
C:\Users\Amazed\Projects\SFML\SimpleRhythm\SimpleRhythm\main.cpp(285,49): warning C4244: 'argument': conversion from 'T' to 'float', possible loss of data
C:\Users\Amazed\Projects\SFML\SimpleRhythm\SimpleRhythm\main.cpp(285,49): warning C4244:         with
C:\Users\Amazed\Projects\SFML\SimpleRhythm\SimpleRhythm\main.cpp(285,49): warning C4244:         [
C:\Users\Amazed\Projects\SFML\SimpleRhythm\SimpleRhythm\main.cpp(285,49): warning C4244:             T=unsigned int
C:\Users\Amazed\Projects\SFML\SimpleRhythm\SimpleRhythm\main.cpp(285,49): warning C4244:         ]
C:\Users\Amazed\Projects\SFML\SimpleRhythm\SimpleRhythm\main.cpp(295,79): warning C4244: 'argument': conversion from 'T' to 'float', possible loss of data
C:\Users\Amazed\Projects\SFML\SimpleRhythm\SimpleRhythm\main.cpp(295,79): warning C4244:         with
C:\Users\Amazed\Projects\SFML\SimpleRhythm\SimpleRhythm\main.cpp(295,79): warning C4244:         [
C:\Users\Amazed\Projects\SFML\SimpleRhythm\SimpleRhythm\main.cpp(295,79): warning C4244:             T=unsigned int
C:\Users\Amazed\Projects\SFML\SimpleRhythm\SimpleRhythm\main.cpp(295,79): warning C4244:         ]
C:\Users\Amazed\Projects\SFML\SimpleRhythm\SimpleRhythm\main.cpp(295,49): warning C4244: 'argument': conversion from 'T' to 'float', possible loss of data
C:\Users\Amazed\Projects\SFML\SimpleRhythm\SimpleRhythm\main.cpp(295,49): warning C4244:         with
C:\Users\Amazed\Projects\SFML\SimpleRhythm\SimpleRhythm\main.cpp(295,49): warning C4244:         [
C:\Users\Amazed\Projects\SFML\SimpleRhythm\SimpleRhythm\main.cpp(295,49): warning C4244:             T=unsigned int
C:\Users\Amazed\Projects\SFML\SimpleRhythm\SimpleRhythm\main.cpp(295,49): warning C4244:         ]
C:\Users\Amazed\Projects\SFML\SimpleRhythm\SimpleRhythm\main.cpp(319,78): warning C4244: 'argument': conversion from 'T' to 'float', possible loss of data
C:\Users\Amazed\Projects\SFML\SimpleRhythm\SimpleRhythm\main.cpp(319,78): warning C4244:         with
C:\Users\Amazed\Projects\SFML\SimpleRhythm\SimpleRhythm\main.cpp(319,78): warning C4244:         [
C:\Users\Amazed\Projects\SFML\SimpleRhythm\SimpleRhythm\main.cpp(319,78): warning C4244:             T=unsigned int
C:\Users\Amazed\Projects\SFML\SimpleRhythm\SimpleRhythm\main.cpp(319,78): warning C4244:         ]
C:\Users\Amazed\Projects\SFML\SimpleRhythm\SimpleRhythm\main.cpp(319,52): warning C4244: 'argument': conversion from 'T' to 'float', possible loss of data
C:\Users\Amazed\Projects\SFML\SimpleRhythm\SimpleRhythm\main.cpp(319,52): warning C4244:         with
C:\Users\Amazed\Projects\SFML\SimpleRhythm\SimpleRhythm\main.cpp(319,52): warning C4244:         [
C:\Users\Amazed\Projects\SFML\SimpleRhythm\SimpleRhythm\main.cpp(319,52): warning C4244:             T=unsigned int
C:\Users\Amazed\Projects\SFML\SimpleRhythm\SimpleRhythm\main.cpp(319,52): warning C4244:         ]
C:\Users\Amazed\Projects\SFML\SimpleRhythm\SimpleRhythm\main.cpp(326,48): warning C4244: 'argument': conversion from 'T' to 'float', possible loss of data
C:\Users\Amazed\Projects\SFML\SimpleRhythm\SimpleRhythm\main.cpp(326,48): warning C4244:         with
C:\Users\Amazed\Projects\SFML\SimpleRhythm\SimpleRhythm\main.cpp(326,48): warning C4244:         [
C:\Users\Amazed\Projects\SFML\SimpleRhythm\SimpleRhythm\main.cpp(326,48): warning C4244:             T=unsigned int
C:\Users\Amazed\Projects\SFML\SimpleRhythm\SimpleRhythm\main.cpp(326,48): warning C4244:         ]
C:\Users\Amazed\Projects\SFML\SimpleRhythm\SimpleRhythm\main.cpp(340,106): warning C4244: 'argument': conversion from 'int' to 'T', possible loss of data
C:\Users\Amazed\Projects\SFML\SimpleRhythm\SimpleRhythm\main.cpp(340,106): warning C4244:         with
C:\Users\Amazed\Projects\SFML\SimpleRhythm\SimpleRhythm\main.cpp(340,106): warning C4244:         [
C:\Users\Amazed\Projects\SFML\SimpleRhythm\SimpleRhythm\main.cpp(340,106): warning C4244:             T=float
C:\Users\Amazed\Projects\SFML\SimpleRhythm\SimpleRhythm\main.cpp(340,106): warning C4244:         ]
C:\Users\Amazed\Projects\SFML\SimpleRhythm\SimpleRhythm\main.cpp(340,85): warning C4244: 'argument': conversion from 'int' to 'T', possible loss of data
C:\Users\Amazed\Projects\SFML\SimpleRhythm\SimpleRhythm\main.cpp(340,85): warning C4244:         with
C:\Users\Amazed\Projects\SFML\SimpleRhythm\SimpleRhythm\main.cpp(340,85): warning C4244:         [
C:\Users\Amazed\Projects\SFML\SimpleRhythm\SimpleRhythm\main.cpp(340,85): warning C4244:             T=float
C:\Users\Amazed\Projects\SFML\SimpleRhythm\SimpleRhythm\main.cpp(340,85): warning C4244:         ]
C:\Users\Amazed\Projects\SFML\SimpleRhythm\SimpleRhythm\main.cpp(345,110): warning C4244: 'argument': conversion from 'int' to 'T', possible loss of data
C:\Users\Amazed\Projects\SFML\SimpleRhythm\SimpleRhythm\main.cpp(345,110): warning C4244:         with
C:\Users\Amazed\Projects\SFML\SimpleRhythm\SimpleRhythm\main.cpp(345,110): warning C4244:         [
C:\Users\Amazed\Projects\SFML\SimpleRhythm\SimpleRhythm\main.cpp(345,110): warning C4244:             T=float
C:\Users\Amazed\Projects\SFML\SimpleRhythm\SimpleRhythm\main.cpp(345,110): warning C4244:         ]
C:\Users\Amazed\Projects\SFML\SimpleRhythm\SimpleRhythm\main.cpp(345,89): warning C4244: 'argument': conversion from 'int' to 'T', possible loss of data
C:\Users\Amazed\Projects\SFML\SimpleRhythm\SimpleRhythm\main.cpp(345,89): warning C4244:         with
C:\Users\Amazed\Projects\SFML\SimpleRhythm\SimpleRhythm\main.cpp(345,89): warning C4244:         [
C:\Users\Amazed\Projects\SFML\SimpleRhythm\SimpleRhythm\main.cpp(345,89): warning C4244:             T=float
C:\Users\Amazed\Projects\SFML\SimpleRhythm\SimpleRhythm\main.cpp(345,89): warning C4244:         ]
C:\Users\Amazed\Projects\SFML\SimpleRhythm\SimpleRhythm\main.cpp(346,110): warning C4244: 'argument': conversion from 'int' to 'T', possible loss of data
C:\Users\Amazed\Projects\SFML\SimpleRhythm\SimpleRhythm\main.cpp(346,110): warning C4244:         with
C:\Users\Amazed\Projects\SFML\SimpleRhythm\SimpleRhythm\main.cpp(346,110): warning C4244:         [
C:\Users\Amazed\Projects\SFML\SimpleRhythm\SimpleRhythm\main.cpp(346,110): warning C4244:             T=float
C:\Users\Amazed\Projects\SFML\SimpleRhythm\SimpleRhythm\main.cpp(346,110): warning C4244:         ]
C:\Users\Amazed\Projects\SFML\SimpleRhythm\SimpleRhythm\main.cpp(346,89): warning C4244: 'argument': conversion from 'int' to 'T', possible loss of data
C:\Users\Amazed\Projects\SFML\SimpleRhythm\SimpleRhythm\main.cpp(346,89): warning C4244:         with
C:\Users\Amazed\Projects\SFML\SimpleRhythm\SimpleRhythm\main.cpp(346,89): warning C4244:         [
C:\Users\Amazed\Projects\SFML\SimpleRhythm\SimpleRhythm\main.cpp(346,89): warning C4244:             T=float
C:\Users\Amazed\Projects\SFML\SimpleRhythm\SimpleRhythm\main.cpp(346,89): warning C4244:         ]
C:\Users\Amazed\Projects\SFML\SimpleRhythm\SimpleRhythm\main.cpp(376,48): warning C4244: 'argument': conversion from 'float' to 'unsigned int', possible loss of data
C:\Users\Amazed\Projects\SFML\SimpleRhythm\SimpleRhythm\main.cpp(376,37): warning C4244: 'argument': conversion from 'float' to 'unsigned int', possible loss of data
C:\Users\Amazed\Projects\SFML\SimpleRhythm\SimpleRhythm\main.cpp(409,20): warning C4305: 'initializing': truncation from 'double' to 'float'
C:\Users\Amazed\Projects\SFML\SimpleRhythm\SimpleRhythm\main.cpp(583,22): warning C4244: 'argument': conversion from 'double' to 'float', possible loss of data
C:\Users\Amazed\Projects\SFML\SimpleRhythm\SimpleRhythm\main.cpp(599,22): warning C4244: 'argument': conversion from 'double' to 'float', possible loss of data
C:\Users\Amazed\Projects\SFML\SimpleRhythm\SimpleRhythm\main.cpp(615,22): warning C4244: 'argument': conversion from 'double' to 'float', possible loss of data
C:\Users\Amazed\Projects\SFML\SimpleRhythm\SimpleRhythm\main.cpp(631,23): warning C4244: 'argument': conversion from 'double' to 'float', possible loss of data
C:\Users\Amazed\Projects\SFML\SimpleRhythm\SimpleRhythm\main.cpp(720,22): warning C4244: 'argument': conversion from 'double' to 'float', possible loss of data
C:\Users\Amazed\Projects\SFML\SimpleRhythm\SimpleRhythm\main.cpp(736,22): warning C4244: 'argument': conversion from 'double' to 'float', possible loss of data
C:\Users\Amazed\Projects\SFML\SimpleRhythm\SimpleRhythm\main.cpp(752,22): warning C4244: 'argument': conversion from 'double' to 'float', possible loss of data
C:\Users\Amazed\Projects\SFML\SimpleRhythm\SimpleRhythm\main.cpp(768,23): warning C4244: 'argument': conversion from 'double' to 'float', possible loss of data
C:\Users\Amazed\Projects\SFML\SimpleRhythm\SimpleRhythm\main.cpp(851,22): warning C4244: 'argument': conversion from 'double' to 'float', possible loss of data
C:\Users\Amazed\Projects\SFML\SimpleRhythm\SimpleRhythm\main.cpp(860,22): warning C4244: 'argument': conversion from 'double' to 'float', possible loss of data
C:\Users\Amazed\Projects\SFML\SimpleRhythm\SimpleRhythm\main.cpp(869,22): warning C4244: 'argument': conversion from 'double' to 'float', possible loss of data
C:\Users\Amazed\Projects\SFML\SimpleRhythm\SimpleRhythm\main.cpp(878,22): warning C4244: 'argument': conversion from 'double' to 'float', possible loss of data
C:\Users\Amazed\Projects\SFML\SimpleRhythm\SimpleRhythm\main.cpp(913,49): warning C4305: 'argument': truncation from 'double' to 'float'
C:\Users\Amazed\Projects\SFML\SimpleRhythm\SimpleRhythm\main.cpp(928,43): warning C4244: 'argument': conversion from 'double' to 'float', possible loss of data
  Generating code
  4 of 340 functions ( 1.2%) were compiled, the rest were copied from previous compilation.
    0 functions were new in current compilation
    2 functions had inline decision re-evaluated but remain unchanged
  Finished generating code
  SimpleRhythm.vcxproj -> C:\Users\Amazed\Projects\SFML\SimpleRhythm\SimpleRhythm\x64\Release\SimpleRhythm.exe
